C:\Program Files\Microsoft Visual Studio\2022\Community\MSBuild\Microsoft\VC\v170\Microsoft.CppBuild.targets(1119,5): warning MSB8027: Two or more files with the name of main.cpp will produce outputs to the same location. This can lead to an incorrect build result.  The files involved are src\code\model\main.cpp, src\code\Main.cpp.
  ICFactory.cpp
C:\Users\Valentin\Documents\GitHub\Projekt-Digital-Twin-Model-Convertion\Project-Digital-Twin-Model-Convertion\src\code\ICFactory.cpp(33,90): warning C4244: 'argument': conversion from '_Ty' to 'float', possible loss of data
C:\Users\Valentin\Documents\GitHub\Projekt-Digital-Twin-Model-Convertion\Project-Digital-Twin-Model-Convertion\src\code\ICFactory.cpp(33,90): warning C4244:         with
C:\Users\Valentin\Documents\GitHub\Projekt-Digital-Twin-Model-Convertion\Project-Digital-Twin-Model-Convertion\src\code\ICFactory.cpp(33,90): warning C4244:         [
C:\Users\Valentin\Documents\GitHub\Projekt-Digital-Twin-Model-Convertion\Project-Digital-Twin-Model-Convertion\src\code\ICFactory.cpp(33,90): warning C4244:             _Ty=int
C:\Users\Valentin\Documents\GitHub\Projekt-Digital-Twin-Model-Convertion\Project-Digital-Twin-Model-Convertion\src\code\ICFactory.cpp(33,90): warning C4244:         ]
C:\Users\Valentin\Documents\GitHub\Projekt-Digital-Twin-Model-Convertion\Project-Digital-Twin-Model-Convertion\src\code\ICFactory.cpp(33,74): warning C4244: 'argument': conversion from '_Ty' to 'float', possible loss of data
C:\Users\Valentin\Documents\GitHub\Projekt-Digital-Twin-Model-Convertion\Project-Digital-Twin-Model-Convertion\src\code\ICFactory.cpp(33,74): warning C4244:         with
C:\Users\Valentin\Documents\GitHub\Projekt-Digital-Twin-Model-Convertion\Project-Digital-Twin-Model-Convertion\src\code\ICFactory.cpp(33,74): warning C4244:         [
C:\Users\Valentin\Documents\GitHub\Projekt-Digital-Twin-Model-Convertion\Project-Digital-Twin-Model-Convertion\src\code\ICFactory.cpp(33,74): warning C4244:             _Ty=int
C:\Users\Valentin\Documents\GitHub\Projekt-Digital-Twin-Model-Convertion\Project-Digital-Twin-Model-Convertion\src\code\ICFactory.cpp(33,74): warning C4244:         ]
C:\Users\Valentin\Documents\GitHub\Projekt-Digital-Twin-Model-Convertion\Project-Digital-Twin-Model-Convertion\src\code\ICFactory.cpp(84,110): warning C4244: 'argument': conversion from '_Ty' to 'float', possible loss of data
C:\Users\Valentin\Documents\GitHub\Projekt-Digital-Twin-Model-Convertion\Project-Digital-Twin-Model-Convertion\src\code\ICFactory.cpp(84,110): warning C4244:         with
C:\Users\Valentin\Documents\GitHub\Projekt-Digital-Twin-Model-Convertion\Project-Digital-Twin-Model-Convertion\src\code\ICFactory.cpp(84,110): warning C4244:         [
C:\Users\Valentin\Documents\GitHub\Projekt-Digital-Twin-Model-Convertion\Project-Digital-Twin-Model-Convertion\src\code\ICFactory.cpp(84,110): warning C4244:             _Ty=int
C:\Users\Valentin\Documents\GitHub\Projekt-Digital-Twin-Model-Convertion\Project-Digital-Twin-Model-Convertion\src\code\ICFactory.cpp(84,110): warning C4244:         ]
C:\Users\Valentin\Documents\GitHub\Projekt-Digital-Twin-Model-Convertion\Project-Digital-Twin-Model-Convertion\src\code\ICFactory.cpp(84,87): warning C4244: 'argument': conversion from '_Ty' to 'float', possible loss of data
C:\Users\Valentin\Documents\GitHub\Projekt-Digital-Twin-Model-Convertion\Project-Digital-Twin-Model-Convertion\src\code\ICFactory.cpp(84,87): warning C4244:         with
C:\Users\Valentin\Documents\GitHub\Projekt-Digital-Twin-Model-Convertion\Project-Digital-Twin-Model-Convertion\src\code\ICFactory.cpp(84,87): warning C4244:         [
C:\Users\Valentin\Documents\GitHub\Projekt-Digital-Twin-Model-Convertion\Project-Digital-Twin-Model-Convertion\src\code\ICFactory.cpp(84,87): warning C4244:             _Ty=int
C:\Users\Valentin\Documents\GitHub\Projekt-Digital-Twin-Model-Convertion\Project-Digital-Twin-Model-Convertion\src\code\ICFactory.cpp(84,87): warning C4244:         ]
  Main.cpp
  Generating Code...
  Project-Digital-Twin-Model-Convertion.vcxproj -> C:\Users\Valentin\Documents\GitHub\Projekt-Digital-Twin-Model-Convertion\Project-Digital-Twin-Model-Convertion\bin\Project-Digital-Twin-Model-Convertion64d.exe
